请将项目中设计配置文件的变动以及sql写在该文件下,以便项目部署时及时更新配置信息.
格式:
#date #user #file:
your content.
eg:
#2014-09-28 #zhipeng.tian #clotho-management/application.properties
1.增加ldap.host=192.168.20.112;
2.增加file.upload.path=D:/dev/apache-tomcat-7.0.55/webapps/upload/
	 file.download.url=http://localhost/clotho-management/upload/
	 
#2014-10-15 #zhipeng.tian #clotho-management/application.properties
1.修改ldap.host=116.254.240.149

#2014-10-20 #zhipeng.tian #create table
CREATE TABLE `clotho`.`Client`(  
  `clientid` INT(10) NOT NULL,
  `name` VARCHAR(50) NOT NULL,
  `description` VARCHAR(200),
  `createtime` TIMESTAMP NOT NULL,
  `createby` VARCHAR(20) NOT NULL,
  `updatetime` DATETIME,
  `updateby` VARCHAR(20),
  PRIMARY KEY (`clientid`)
) ENGINE=INNODB CHARSET=utf8 COLLATE=utf8_general_ci;


 